Using pre-set license
Built from '2020.3/staging' branch; Version is '2020.3.0f1 (c7b5465681fb) revision 13088070'; Using compiler version '192528614'; Build Type 'Release'
OS: 'Windows 10 Home; OS build 19042.867; Version 2009; 64bit' Language: 'en' Physical Memory: 32618 MB
BatchMode: 1, IsHumanControllingUs: 0, StartBugReporterOnCrash: 0, Is64bit: 1, IsPro: 0

 COMMAND LINE ARGUMENTS:
D:\Unity\2020.3.0f1\Editor\Unity.exe
-adb2
-batchMode
-noUpm
-name
AssetImportWorker0
-projectPath
D:/Git_repos/mario-dash/Mario-Dash
-logFile
Logs/AssetImportWorker0.log
-srvPort
30614
Successfully changed project path to: D:/Git_repos/mario-dash/Mario-Dash
D:/Git_repos/mario-dash/Mario-Dash
Using Asset Import Pipeline V2.
Refreshing native plugins compatible for Editor in 38.17 ms, found 1 plugins.
Preloading 0 native plugins for Editor in 0.00 ms.
Initialize engine version: 2020.3.0f1 (c7b5465681fb)
[Subsystems] Discovering subsystems at path D:/Unity/2020.3.0f1/Editor/Data/Resources/UnitySubsystems
[Subsystems] Discovering subsystems at path D:/Git_repos/mario-dash/Mario-Dash/Assets
GfxDevice: creating device client; threaded=0
Direct3D:
    Version:  Direct3D 11.0 [level 11.1]
    Renderer: NVIDIA GeForce GTX 1050 (ID=0x1c8d)
    Vendor:   
    VRAM:     4019 MB
    Driver:   27.21.14.5167
Initialize mono
Mono path[0] = 'D:/Unity/2020.3.0f1/Editor/Data/Managed'
Mono path[1] = 'D:/Unity/2020.3.0f1/Editor/Data/MonoBleedingEdge/lib/mono/unityjit'
Mono config path = 'D:/Unity/2020.3.0f1/Editor/Data/MonoBleedingEdge/etc'
Using monoOptions --debugger-agent=transport=dt_socket,embedding=1,server=y,suspend=n,address=127.0.0.1:56616
Begin MonoManager ReloadAssembly
Registering precompiled unity dll's ...
Register platform support module: D:/Unity/2020.3.0f1/Editor/Data/PlaybackEngines/WindowsStandaloneSupport/UnityEditor.WindowsStandalone.Extensions.dll
Registered in 0.001201 seconds.
Native extension for WindowsStandalone target not found
Refreshing native plugins compatible for Editor in 36.41 ms, found 1 plugins.
Preloading 0 native plugins for Editor in 0.00 ms.
Invoked RoslynAnalysisRunner static constructor.
RoslynAnalysisRunner will not be running.
RoslynAnalysisRunner has terminated.
Mono: successfully reloaded assembly
- Completed reload, in  1.097 seconds
Platform modules already initialized, skipping
Registering precompiled user dll's ...
Registered in 0.000892 seconds.
Begin MonoManager ReloadAssembly
Native extension for WindowsStandalone target not found
Refreshing native plugins compatible for Editor in 35.09 ms, found 1 plugins.
Preloading 0 native plugins for Editor in 0.00 ms.
Invoked RoslynAnalysisRunner static constructor.
RoslynAnalysisRunner will not be running.
RoslynAnalysisRunner has terminated.
Mono: successfully reloaded assembly
- Completed reload, in  0.871 seconds
Platform modules already initialized, skipping
========================================================================
Worker process is ready to serve import requests
Launched and connected shader compiler UnityShaderCompiler.exe after 0.05 seconds
Refreshing native plugins compatible for Editor in 0.43 ms, found 1 plugins.
Preloading 0 native plugins for Editor in 0.00 ms.
Unloading 1905 Unused Serialized files (Serialized files now loaded: 0)
System memory in use before: 87.2 MB.
System memory in use after: 87.3 MB.

Unloading 32 unused Assets to reduce memory usage. Loaded Objects now: 2339.
Total: 2.133400 ms (FindLiveObjects: 0.202100 ms CreateObjectMapping: 0.087700 ms MarkObjects: 1.778700 ms  DeleteObjects: 0.063600 ms)

========================================================================
Received Import Request.
  path: Assets/Scripts
  artifactKey: Guid(d1c655aa45628df4caeb0ca19356f305) Importer(815301076,1909f56bfc062723c751e8b465ee728b)
Start importing Assets/Scripts using Guid(d1c655aa45628df4caeb0ca19356f305) Importer(815301076,1909f56bfc062723c751e8b465ee728b)  -> (artifact id: 'f7f2e62d839961680b5a0820ce802476') in 0.004126 seconds
  Import took 0.007269 seconds .

========================================================================
Received Import Request.
  Time since last request: 26.316006 seconds.
  path: Assets/Sprites
  artifactKey: Guid(ee61fdcb0f4237d4eababec72a6d0ef3) Importer(815301076,1909f56bfc062723c751e8b465ee728b)
Start importing Assets/Sprites using Guid(ee61fdcb0f4237d4eababec72a6d0ef3) Importer(815301076,1909f56bfc062723c751e8b465ee728b)  -> (artifact id: '00d5120efad93a3e380a0faaf63c3b9c') in 0.001816 seconds
  Import took 0.004671 seconds .

========================================================================
Received Import Request.
  Time since last request: 15.713077 seconds.
  path: Assets/Scripts/AmbienceManager.cs
  artifactKey: Guid(097b0357ee9864d48aaa23ad3053d453) Importer(815301076,1909f56bfc062723c751e8b465ee728b)
Start importing Assets/Scripts/AmbienceManager.cs using Guid(097b0357ee9864d48aaa23ad3053d453) Importer(815301076,1909f56bfc062723c751e8b465ee728b)  -> (artifact id: '62756a4bccd0615cd9e7cc4fed5ae44a') in 0.033133 seconds
  Import took 0.035724 seconds .

========================================================================
Received Prepare
Registering precompiled user dll's ...
Registered in 0.000890 seconds.
Begin MonoManager ReloadAssembly
Native extension for WindowsStandalone target not found
Refreshing native plugins compatible for Editor in 0.44 ms, found 1 plugins.
Preloading 0 native plugins for Editor in 0.00 ms.
Invoked RoslynAnalysisRunner static constructor.
RoslynAnalysisRunner will not be running.
RoslynAnalysisRunner has terminated.
Mono: successfully reloaded assembly
- Completed reload, in  0.788 seconds
Platform modules already initialized, skipping
Refreshing native plugins compatible for Editor in 0.46 ms, found 1 plugins.
Preloading 0 native plugins for Editor in 0.00 ms.
Unloading 1896 Unused Serialized files (Serialized files now loaded: 0)
System memory in use before: 86.8 MB.
System memory in use after: 86.9 MB.

Unloading 20 unused Assets to reduce memory usage. Loaded Objects now: 2344.
Total: 2.137600 ms (FindLiveObjects: 0.218900 ms CreateObjectMapping: 0.061800 ms MarkObjects: 1.833000 ms  DeleteObjects: 0.023000 ms)

========================================================================
Received Import Request.
  Time since last request: 18.577277 seconds.
  path: Assets/Scripts/Obstacle.cs
  artifactKey: Guid(bbc4cd70d29634e4880b1d9eda8934b4) Importer(815301076,1909f56bfc062723c751e8b465ee728b)
Start importing Assets/Scripts/Obstacle.cs using Guid(bbc4cd70d29634e4880b1d9eda8934b4) Importer(815301076,1909f56bfc062723c751e8b465ee728b)  -> (artifact id: '58876e5ef49736f15917899812c0d6a7') in 0.004343 seconds
  Import took 0.007303 seconds .

========================================================================
Received Prepare
Registering precompiled user dll's ...
Registered in 0.000929 seconds.
Begin MonoManager ReloadAssembly
Native extension for WindowsStandalone target not found
Refreshing native plugins compatible for Editor in 0.43 ms, found 1 plugins.
Preloading 0 native plugins for Editor in 0.00 ms.
Invoked RoslynAnalysisRunner static constructor.
RoslynAnalysisRunner will not be running.
RoslynAnalysisRunner has terminated.
Mono: successfully reloaded assembly
- Completed reload, in  0.792 seconds
Platform modules already initialized, skipping
Refreshing native plugins compatible for Editor in 0.45 ms, found 1 plugins.
Preloading 0 native plugins for Editor in 0.00 ms.
Unloading 1897 Unused Serialized files (Serialized files now loaded: 0)
System memory in use before: 86.8 MB.
System memory in use after: 87.0 MB.

Unloading 20 unused Assets to reduce memory usage. Loaded Objects now: 2349.
Total: 2.063900 ms (FindLiveObjects: 0.199700 ms CreateObjectMapping: 0.067600 ms MarkObjects: 1.773200 ms  DeleteObjects: 0.022200 ms)

========================================================================
Received Import Request.
  Time since last request: 12.679402 seconds.
  path: Assets/Scripts/HarmfulObstacle.cs
  artifactKey: Guid(33ad33f4032ba054982480f627ac4316) Importer(815301076,1909f56bfc062723c751e8b465ee728b)
Start importing Assets/Scripts/HarmfulObstacle.cs using Guid(33ad33f4032ba054982480f627ac4316) Importer(815301076,1909f56bfc062723c751e8b465ee728b)  -> (artifact id: '6818b9ba15010c0bac090f8c20a7210a') in 0.004914 seconds
  Import took 0.007823 seconds .

========================================================================
Received Prepare
Registering precompiled user dll's ...
Registered in 0.000886 seconds.
Begin MonoManager ReloadAssembly
Native extension for WindowsStandalone target not found
Refreshing native plugins compatible for Editor in 0.42 ms, found 1 plugins.
Preloading 0 native plugins for Editor in 0.00 ms.
Invoked RoslynAnalysisRunner static constructor.
RoslynAnalysisRunner will not be running.
RoslynAnalysisRunner has terminated.
Mono: successfully reloaded assembly
- Completed reload, in  0.782 seconds
Platform modules already initialized, skipping
Refreshing native plugins compatible for Editor in 0.42 ms, found 1 plugins.
Preloading 0 native plugins for Editor in 0.00 ms.
Unloading 1898 Unused Serialized files (Serialized files now loaded: 0)
System memory in use before: 86.9 MB.
System memory in use after: 87.0 MB.

Unloading 20 unused Assets to reduce memory usage. Loaded Objects now: 2354.
Total: 2.287900 ms (FindLiveObjects: 0.281100 ms CreateObjectMapping: 0.149700 ms MarkObjects: 1.832100 ms  DeleteObjects: 0.023700 ms)

========================================================================
Received Import Request.
  Time since last request: 69.897043 seconds.
  path: Assets/Scripts/MovingHarmfulObstacle.cs
  artifactKey: Guid(0fffbf28657b1bb47914de61fce2a6db) Importer(815301076,1909f56bfc062723c751e8b465ee728b)
Start importing Assets/Scripts/MovingHarmfulObstacle.cs using Guid(0fffbf28657b1bb47914de61fce2a6db) Importer(815301076,1909f56bfc062723c751e8b465ee728b)  -> (artifact id: 'f16fc348d19d69ae57d344ec93c61afa') in 0.004278 seconds
  Import took 0.008187 seconds .

========================================================================
Received Import Request.
  Time since last request: 0.023262 seconds.
  path: Assets/Scripts/MovingHarmfulObstacle.cs
  artifactKey: Guid(0fffbf28657b1bb47914de61fce2a6db) Importer(815301076,1909f56bfc062723c751e8b465ee728b)
Start importing Assets/Scripts/MovingHarmfulObstacle.cs using Guid(0fffbf28657b1bb47914de61fce2a6db) Importer(815301076,1909f56bfc062723c751e8b465ee728b)  -> (artifact id: 'f16fc348d19d69ae57d344ec93c61afa') in 0.001729 seconds
  Import took 0.004402 seconds .

========================================================================
Received Prepare
Registering precompiled user dll's ...
Registered in 0.000924 seconds.
Begin MonoManager ReloadAssembly
Native extension for WindowsStandalone target not found
Refreshing native plugins compatible for Editor in 0.42 ms, found 1 plugins.
Preloading 0 native plugins for Editor in 0.00 ms.
Invoked RoslynAnalysisRunner static constructor.
RoslynAnalysisRunner will not be running.
RoslynAnalysisRunner has terminated.
Mono: successfully reloaded assembly
- Completed reload, in  0.786 seconds
Platform modules already initialized, skipping
Refreshing native plugins compatible for Editor in 0.43 ms, found 1 plugins.
Preloading 0 native plugins for Editor in 0.00 ms.
Unloading 1899 Unused Serialized files (Serialized files now loaded: 0)
System memory in use before: 86.9 MB.
System memory in use after: 87.0 MB.

Unloading 20 unused Assets to reduce memory usage. Loaded Objects now: 2359.
Total: 2.178300 ms (FindLiveObjects: 0.206100 ms CreateObjectMapping: 0.074600 ms MarkObjects: 1.873800 ms  DeleteObjects: 0.022800 ms)

========================================================================
Received Import Request.
  Time since last request: 30.419564 seconds.
  path: Assets/Scripts/Player.cs
  artifactKey: Guid(c065705aca0d19b4b863d61bed2a3712) Importer(815301076,1909f56bfc062723c751e8b465ee728b)
Start importing Assets/Scripts/Player.cs using Guid(c065705aca0d19b4b863d61bed2a3712) Importer(815301076,1909f56bfc062723c751e8b465ee728b)  -> (artifact id: '214ea96f4b273002a6366f665812df11') in 0.004556 seconds
  Import took 0.008200 seconds .

========================================================================
Received Prepare
Registering precompiled user dll's ...
Registered in 0.000890 seconds.
Begin MonoManager ReloadAssembly
Native extension for WindowsStandalone target not found
Refreshing native plugins compatible for Editor in 0.42 ms, found 1 plugins.
Preloading 0 native plugins for Editor in 0.00 ms.
Invoked RoslynAnalysisRunner static constructor.
RoslynAnalysisRunner will not be running.
RoslynAnalysisRunner has terminated.
Mono: successfully reloaded assembly
- Completed reload, in  0.776 seconds
Platform modules already initialized, skipping
Refreshing native plugins compatible for Editor in 0.44 ms, found 1 plugins.
Preloading 0 native plugins for Editor in 0.00 ms.
Unloading 1900 Unused Serialized files (Serialized files now loaded: 0)
System memory in use before: 87.2 MB.
System memory in use after: 87.3 MB.

Unloading 20 unused Assets to reduce memory usage. Loaded Objects now: 2364.
Total: 1.959800 ms (FindLiveObjects: 0.190300 ms CreateObjectMapping: 0.066000 ms MarkObjects: 1.688100 ms  DeleteObjects: 0.014500 ms)

========================================================================
Received Import Request.
  Time since last request: 13.730404 seconds.
  path: Assets/Scripts/HealthManager.cs
  artifactKey: Guid(c1d03c576ba3c8348a9aaf973ecd718f) Importer(815301076,1909f56bfc062723c751e8b465ee728b)
Start importing Assets/Scripts/HealthManager.cs using Guid(c1d03c576ba3c8348a9aaf973ecd718f) Importer(815301076,1909f56bfc062723c751e8b465ee728b)  -> (artifact id: 'ce1651ccb043feaebd883baf72120b2c') in 0.004809 seconds
  Import took 0.007945 seconds .

========================================================================
Received Prepare
Registering precompiled user dll's ...
Registered in 0.000893 seconds.
Begin MonoManager ReloadAssembly
Native extension for WindowsStandalone target not found
Refreshing native plugins compatible for Editor in 0.47 ms, found 1 plugins.
Preloading 0 native plugins for Editor in 0.00 ms.
Invoked RoslynAnalysisRunner static constructor.
RoslynAnalysisRunner will not be running.
RoslynAnalysisRunner has terminated.
Mono: successfully reloaded assembly
- Completed reload, in  0.777 seconds
Platform modules already initialized, skipping
Refreshing native plugins compatible for Editor in 0.42 ms, found 1 plugins.
Preloading 0 native plugins for Editor in 0.00 ms.
Unloading 1901 Unused Serialized files (Serialized files now loaded: 0)
System memory in use before: 87.2 MB.
System memory in use after: 87.3 MB.

Unloading 20 unused Assets to reduce memory usage. Loaded Objects now: 2369.
Total: 2.041400 ms (FindLiveObjects: 0.186000 ms CreateObjectMapping: 0.081600 ms MarkObjects: 1.755400 ms  DeleteObjects: 0.017500 ms)

========================================================================
Received Import Request.
  Time since last request: 11.482628 seconds.
  path: Assets/Scripts/ScoresManager.cs
  artifactKey: Guid(3ad884d7b0b10dc469fd33cf1d0e22fe) Importer(815301076,1909f56bfc062723c751e8b465ee728b)
Start importing Assets/Scripts/ScoresManager.cs using Guid(3ad884d7b0b10dc469fd33cf1d0e22fe) Importer(815301076,1909f56bfc062723c751e8b465ee728b)  -> (artifact id: '496398ad9a21ef67521c0940397866f0') in 0.004328 seconds
  Import took 0.007065 seconds .

========================================================================
Received Prepare
Registering precompiled user dll's ...
Registered in 0.000903 seconds.
Begin MonoManager ReloadAssembly
Native extension for WindowsStandalone target not found
Refreshing native plugins compatible for Editor in 0.45 ms, found 1 plugins.
Preloading 0 native plugins for Editor in 0.00 ms.
Invoked RoslynAnalysisRunner static constructor.
RoslynAnalysisRunner will not be running.
RoslynAnalysisRunner has terminated.
Mono: successfully reloaded assembly
- Completed reload, in  0.788 seconds
Platform modules already initialized, skipping
Refreshing native plugins compatible for Editor in 0.48 ms, found 1 plugins.
Preloading 0 native plugins for Editor in 0.00 ms.
Unloading 1902 Unused Serialized files (Serialized files now loaded: 0)
System memory in use before: 87.2 MB.
System memory in use after: 87.3 MB.

Unloading 20 unused Assets to reduce memory usage. Loaded Objects now: 2374.
Total: 1.972200 ms (FindLiveObjects: 0.205500 ms CreateObjectMapping: 0.090600 ms MarkObjects: 1.657000 ms  DeleteObjects: 0.018100 ms)

========================================================================
Received Import Request.
  Time since last request: 27.612938 seconds.
  path: Assets/Scripts/World
  artifactKey: Guid(746d48cb3e57fe249add6628798d04d8) Importer(815301076,1909f56bfc062723c751e8b465ee728b)
Start importing Assets/Scripts/World using Guid(746d48cb3e57fe249add6628798d04d8) Importer(815301076,1909f56bfc062723c751e8b465ee728b)  -> (artifact id: 'dcd0c0f3a65d428baf0111c2e84c95c7') in 0.004587 seconds
  Import took 0.279617 seconds .

========================================================================
Received Prepare
Registering precompiled user dll's ...
Registered in 0.000921 seconds.
Begin MonoManager ReloadAssembly
Native extension for WindowsStandalone target not found
Refreshing native plugins compatible for Editor in 0.44 ms, found 1 plugins.
Preloading 0 native plugins for Editor in 0.00 ms.
Invoked RoslynAnalysisRunner static constructor.
RoslynAnalysisRunner will not be running.
RoslynAnalysisRunner has terminated.
Mono: successfully reloaded assembly
- Completed reload, in  0.787 seconds
Platform modules already initialized, skipping
Refreshing native plugins compatible for Editor in 0.46 ms, found 1 plugins.
Preloading 0 native plugins for Editor in 0.00 ms.
Unloading 1902 Unused Serialized files (Serialized files now loaded: 0)
System memory in use before: 87.2 MB.
System memory in use after: 87.4 MB.

Unloading 20 unused Assets to reduce memory usage. Loaded Objects now: 2378.
Total: 2.464900 ms (FindLiveObjects: 0.348100 ms CreateObjectMapping: 0.073500 ms MarkObjects: 2.024600 ms  DeleteObjects: 0.017900 ms)

========================================================================
Received Import Request.
  Time since last request: 15.200142 seconds.
  path: Assets/Scripts/Player
  artifactKey: Guid(64bb53ead469afa438fdc1d115ec47cd) Importer(815301076,1909f56bfc062723c751e8b465ee728b)
Start importing Assets/Scripts/Player using Guid(64bb53ead469afa438fdc1d115ec47cd) Importer(815301076,1909f56bfc062723c751e8b465ee728b)  -> (artifact id: 'f99f5c016ff9e42b8e6d37fed448f24c') in 0.004354 seconds
  Import took 0.038987 seconds .

========================================================================
Received Prepare
Registering precompiled user dll's ...
Registered in 0.000883 seconds.
Begin MonoManager ReloadAssembly
Native extension for WindowsStandalone target not found
Refreshing native plugins compatible for Editor in 0.43 ms, found 1 plugins.
Preloading 0 native plugins for Editor in 0.00 ms.
Invoked RoslynAnalysisRunner static constructor.
RoslynAnalysisRunner will not be running.
RoslynAnalysisRunner has terminated.
Mono: successfully reloaded assembly
- Completed reload, in  0.777 seconds
Platform modules already initialized, skipping
Refreshing native plugins compatible for Editor in 0.42 ms, found 1 plugins.
Preloading 0 native plugins for Editor in 0.00 ms.
Unloading 1902 Unused Serialized files (Serialized files now loaded: 0)
System memory in use before: 87.2 MB.
System memory in use after: 87.4 MB.

Unloading 20 unused Assets to reduce memory usage. Loaded Objects now: 2382.
Total: 2.199200 ms (FindLiveObjects: 0.183400 ms CreateObjectMapping: 0.084200 ms MarkObjects: 1.909800 ms  DeleteObjects: 0.020500 ms)

========================================================================
Received Import Request.
  Time since last request: 14.766257 seconds.
  path: Assets/Scripts/Weapons
  artifactKey: Guid(9d48a5b44b958b341ac9808a0534e8a3) Importer(815301076,1909f56bfc062723c751e8b465ee728b)
Start importing Assets/Scripts/Weapons using Guid(9d48a5b44b958b341ac9808a0534e8a3) Importer(815301076,1909f56bfc062723c751e8b465ee728b)  -> (artifact id: '8dd58549b6c39e587d53ac71898b6dae') in 0.004903 seconds
  Import took 0.014284 seconds .

========================================================================
Received Import Request.
  Time since last request: 14.462485 seconds.
  path: Assets/Scripts/Weapons/Weapon.cs
  artifactKey: Guid(203d36171741dfd4396f85481e20851a) Importer(815301076,1909f56bfc062723c751e8b465ee728b)
Start importing Assets/Scripts/Weapons/Weapon.cs using Guid(203d36171741dfd4396f85481e20851a) Importer(815301076,1909f56bfc062723c751e8b465ee728b)  -> (artifact id: 'fd454dd3f9ed99d1c1ed5b89b9e68696') in 0.002055 seconds
  Import took 0.005141 seconds .

========================================================================
Received Import Request.
  Time since last request: 0.025217 seconds.
  path: Assets/Scripts/Weapons/Weapon.cs
  artifactKey: Guid(203d36171741dfd4396f85481e20851a) Importer(815301076,1909f56bfc062723c751e8b465ee728b)
Start importing Assets/Scripts/Weapons/Weapon.cs using Guid(203d36171741dfd4396f85481e20851a) Importer(815301076,1909f56bfc062723c751e8b465ee728b)  -> (artifact id: 'fd454dd3f9ed99d1c1ed5b89b9e68696') in 0.002490 seconds
  Import took 0.006219 seconds .

========================================================================
Received Prepare
Registering precompiled user dll's ...
Registered in 0.000930 seconds.
Begin MonoManager ReloadAssembly
Native extension for WindowsStandalone target not found
Refreshing native plugins compatible for Editor in 0.43 ms, found 1 plugins.
Preloading 0 native plugins for Editor in 0.00 ms.
Invoked RoslynAnalysisRunner static constructor.
RoslynAnalysisRunner will not be running.
RoslynAnalysisRunner has terminated.
Mono: successfully reloaded assembly
- Completed reload, in  0.787 seconds
Platform modules already initialized, skipping
Refreshing native plugins compatible for Editor in 0.48 ms, found 1 plugins.
Preloading 0 native plugins for Editor in 0.00 ms.
Unloading 1903 Unused Serialized files (Serialized files now loaded: 0)
System memory in use before: 87.3 MB.
System memory in use after: 87.4 MB.

Unloading 20 unused Assets to reduce memory usage. Loaded Objects now: 2387.
Total: 1.908500 ms (FindLiveObjects: 0.182600 ms CreateObjectMapping: 0.066700 ms MarkObjects: 1.642400 ms  DeleteObjects: 0.016100 ms)

========================================================================
Received Import Request.
  Time since last request: 9.393674 seconds.
  path: Assets/Scripts/Weapons/RocksWaepon.cs
  artifactKey: Guid(b588f0e078c5e0040b28825657341662) Importer(815301076,1909f56bfc062723c751e8b465ee728b)
Start importing Assets/Scripts/Weapons/RocksWaepon.cs using Guid(b588f0e078c5e0040b28825657341662) Importer(815301076,1909f56bfc062723c751e8b465ee728b)  -> (artifact id: '5dbdcbe2e3ad782831a3b2324a4bf306') in 0.004816 seconds
  Import took 0.035828 seconds .

========================================================================
Received Prepare
Registering precompiled user dll's ...
Registered in 0.000896 seconds.
Begin MonoManager ReloadAssembly
Native extension for WindowsStandalone target not found
Refreshing native plugins compatible for Editor in 0.42 ms, found 1 plugins.
Preloading 0 native plugins for Editor in 0.00 ms.
Invoked RoslynAnalysisRunner static constructor.
RoslynAnalysisRunner will not be running.
RoslynAnalysisRunner has terminated.
Mono: successfully reloaded assembly
- Completed reload, in  0.788 seconds
Platform modules already initialized, skipping
Refreshing native plugins compatible for Editor in 0.43 ms, found 1 plugins.
Preloading 0 native plugins for Editor in 0.00 ms.
Unloading 1904 Unused Serialized files (Serialized files now loaded: 0)
System memory in use before: 87.3 MB.
System memory in use after: 87.4 MB.

Unloading 20 unused Assets to reduce memory usage. Loaded Objects now: 2392.
Total: 2.098300 ms (FindLiveObjects: 0.273000 ms CreateObjectMapping: 0.154800 ms MarkObjects: 1.651600 ms  DeleteObjects: 0.017900 ms)

========================================================================
Received Import Request.
  Time since last request: 8.365422 seconds.
  path: Assets/Scripts/Weapons/RocksWeapon.cs
  artifactKey: Guid(b588f0e078c5e0040b28825657341662) Importer(815301076,1909f56bfc062723c751e8b465ee728b)
Start importing Assets/Scripts/Weapons/RocksWeapon.cs using Guid(b588f0e078c5e0040b28825657341662) Importer(815301076,1909f56bfc062723c751e8b465ee728b)  -> (artifact id: '8299e40eb432d08c22d51ce923facacb') in 0.005118 seconds
  Import took 0.008767 seconds .

========================================================================
Received Prepare
Registering precompiled user dll's ...
Registered in 0.000903 seconds.
Begin MonoManager ReloadAssembly
Native extension for WindowsStandalone target not found
Refreshing native plugins compatible for Editor in 0.42 ms, found 1 plugins.
Preloading 0 native plugins for Editor in 0.00 ms.
Invoked RoslynAnalysisRunner static constructor.
RoslynAnalysisRunner will not be running.
RoslynAnalysisRunner has terminated.
Mono: successfully reloaded assembly
- Completed reload, in  0.777 seconds
Platform modules already initialized, skipping
Refreshing native plugins compatible for Editor in 0.52 ms, found 1 plugins.
Preloading 0 native plugins for Editor in 0.00 ms.
Unloading 1904 Unused Serialized files (Serialized files now loaded: 0)
System memory in use before: 87.3 MB.
System memory in use after: 87.4 MB.

Unloading 20 unused Assets to reduce memory usage. Loaded Objects now: 2396.
Total: 1.962100 ms (FindLiveObjects: 0.170900 ms CreateObjectMapping: 0.057400 ms MarkObjects: 1.718300 ms  DeleteObjects: 0.014800 ms)

========================================================================
Received Prepare
Registering precompiled user dll's ...
Registered in 0.001218 seconds.
Begin MonoManager ReloadAssembly
Native extension for WindowsStandalone target not found
Refreshing native plugins compatible for Editor in 0.44 ms, found 1 plugins.
Preloading 0 native plugins for Editor in 0.00 ms.
Invoked RoslynAnalysisRunner static constructor.
RoslynAnalysisRunner will not be running.
RoslynAnalysisRunner has terminated.
Mono: successfully reloaded assembly
- Completed reload, in  0.833 seconds
Platform modules already initialized, skipping
Refreshing native plugins compatible for Editor in 0.44 ms, found 1 plugins.
Preloading 0 native plugins for Editor in 0.00 ms.
Unloading 1904 Unused Serialized files (Serialized files now loaded: 0)
System memory in use before: 87.3 MB.
System memory in use after: 87.4 MB.

Unloading 20 unused Assets to reduce memory usage. Loaded Objects now: 2400.
Total: 2.332300 ms (FindLiveObjects: 0.221200 ms CreateObjectMapping: 0.093000 ms MarkObjects: 1.997300 ms  DeleteObjects: 0.019400 ms)

========================================================================
Received Import Request.
  Time since last request: 49.315706 seconds.
  path: Assets/Scripts/Weapons/RocksWeapon.cs
  artifactKey: Guid(b588f0e078c5e0040b28825657341662) Importer(815301076,1909f56bfc062723c751e8b465ee728b)
Start importing Assets/Scripts/Weapons/RocksWeapon.cs using Guid(b588f0e078c5e0040b28825657341662) Importer(815301076,1909f56bfc062723c751e8b465ee728b)  -> (artifact id: '5bfbb5f12f5ad91d08af38d71a127bee') in 0.003978 seconds
  Import took 0.006865 seconds .

========================================================================
Received Import Request.
  Time since last request: 8.283870 seconds.
  path: Assets/Scripts/Enemies
  artifactKey: Guid(3e4140349bab400498d04739e96194eb) Importer(815301076,1909f56bfc062723c751e8b465ee728b)
Start importing Assets/Scripts/Enemies using Guid(3e4140349bab400498d04739e96194eb) Importer(815301076,1909f56bfc062723c751e8b465ee728b)  -> (artifact id: 'febd8f20c18dca4a0f1cd032673e8e86') in 0.002339 seconds
  Import took 0.005680 seconds .

========================================================================
Received Import Request.
  Time since last request: 10.773782 seconds.
  path: Assets/Scripts/Enemies/Enemy.cs
  artifactKey: Guid(1074cd29ef21f634fae4faca1773574a) Importer(815301076,1909f56bfc062723c751e8b465ee728b)
Start importing Assets/Scripts/Enemies/Enemy.cs using Guid(1074cd29ef21f634fae4faca1773574a) Importer(815301076,1909f56bfc062723c751e8b465ee728b)  -> (artifact id: 'aea2a190993f955f2942dafc8ced2505') in 0.001917 seconds
  Import took 0.004939 seconds .

========================================================================
Received Import Request.
  Time since last request: 0.000266 seconds.
  path: Assets/Scripts/Enemies/Enemy.cs
  artifactKey: Guid(1074cd29ef21f634fae4faca1773574a) Importer(815301076,1909f56bfc062723c751e8b465ee728b)
Start importing Assets/Scripts/Enemies/Enemy.cs using Guid(1074cd29ef21f634fae4faca1773574a) Importer(815301076,1909f56bfc062723c751e8b465ee728b)  -> (artifact id: 'aea2a190993f955f2942dafc8ced2505') in 0.001715 seconds
  Import took 0.004870 seconds .

========================================================================
Received Prepare
Registering precompiled user dll's ...
Registered in 0.000892 seconds.
Begin MonoManager ReloadAssembly
Native extension for WindowsStandalone target not found
Refreshing native plugins compatible for Editor in 0.42 ms, found 1 plugins.
Preloading 0 native plugins for Editor in 0.00 ms.
Invoked RoslynAnalysisRunner static constructor.
RoslynAnalysisRunner will not be running.
RoslynAnalysisRunner has terminated.
Mono: successfully reloaded assembly
- Completed reload, in  0.807 seconds
Platform modules already initialized, skipping
Refreshing native plugins compatible for Editor in 0.44 ms, found 1 plugins.
Preloading 0 native plugins for Editor in 0.00 ms.
Unloading 1905 Unused Serialized files (Serialized files now loaded: 0)
System memory in use before: 87.3 MB.
System memory in use after: 87.5 MB.

Unloading 20 unused Assets to reduce memory usage. Loaded Objects now: 2405.
Total: 2.100900 ms (FindLiveObjects: 0.179000 ms CreateObjectMapping: 0.064200 ms MarkObjects: 1.841200 ms  DeleteObjects: 0.015700 ms)

========================================================================
Received Import Request.
  Time since last request: 12.223422 seconds.
  path: Assets/Scripts/Enemies/NormalEnemy.cs
  artifactKey: Guid(7bb9803dee1f45b47a656838e1c96806) Importer(815301076,1909f56bfc062723c751e8b465ee728b)
Start importing Assets/Scripts/Enemies/NormalEnemy.cs using Guid(7bb9803dee1f45b47a656838e1c96806) Importer(815301076,1909f56bfc062723c751e8b465ee728b)  -> (artifact id: 'dad8eaeaa7310be9edd9444800ae5274') in 0.004750 seconds
  Import took 0.007609 seconds .

========================================================================
Received Prepare
Registering precompiled user dll's ...
Registered in 0.000967 seconds.
Begin MonoManager ReloadAssembly
Native extension for WindowsStandalone target not found
Refreshing native plugins compatible for Editor in 0.43 ms, found 1 plugins.
Preloading 0 native plugins for Editor in 0.00 ms.
Invoked RoslynAnalysisRunner static constructor.
RoslynAnalysisRunner will not be running.
RoslynAnalysisRunner has terminated.
Mono: successfully reloaded assembly
- Completed reload, in  0.786 seconds
Platform modules already initialized, skipping
Refreshing native plugins compatible for Editor in 0.42 ms, found 1 plugins.
Preloading 0 native plugins for Editor in 0.00 ms.
Unloading 1906 Unused Serialized files (Serialized files now loaded: 0)
System memory in use before: 87.4 MB.
System memory in use after: 87.5 MB.

Unloading 20 unused Assets to reduce memory usage. Loaded Objects now: 2410.
Total: 2.087600 ms (FindLiveObjects: 0.194200 ms CreateObjectMapping: 0.076100 ms MarkObjects: 1.799600 ms  DeleteObjects: 0.016700 ms)

========================================================================
Received Import Request.
  Time since last request: 11.123500 seconds.
  path: Assets/Scripts/Enemies/Boss.cs
  artifactKey: Guid(4b0c3ab370c528446bebfbf2a6933a28) Importer(815301076,1909f56bfc062723c751e8b465ee728b)
Start importing Assets/Scripts/Enemies/Boss.cs using Guid(4b0c3ab370c528446bebfbf2a6933a28) Importer(815301076,1909f56bfc062723c751e8b465ee728b)  -> (artifact id: '92ab3566e0e9e74756b8e02aa171e047') in 0.004332 seconds
  Import took 0.007184 seconds .

========================================================================
Received Import Request.
  Time since last request: 0.024046 seconds.
  path: Assets/Scripts/Enemies/Boss.cs
  artifactKey: Guid(4b0c3ab370c528446bebfbf2a6933a28) Importer(815301076,1909f56bfc062723c751e8b465ee728b)
Start importing Assets/Scripts/Enemies/Boss.cs using Guid(4b0c3ab370c528446bebfbf2a6933a28) Importer(815301076,1909f56bfc062723c751e8b465ee728b)  -> (artifact id: '92ab3566e0e9e74756b8e02aa171e047') in 0.037537 seconds
  Import took 0.040486 seconds .

========================================================================
Received Prepare
Registering precompiled user dll's ...
Registered in 0.001408 seconds.
Begin MonoManager ReloadAssembly
Native extension for WindowsStandalone target not found
Refreshing native plugins compatible for Editor in 0.44 ms, found 1 plugins.
Preloading 0 native plugins for Editor in 0.00 ms.
Invoked RoslynAnalysisRunner static constructor.
RoslynAnalysisRunner will not be running.
RoslynAnalysisRunner has terminated.
Mono: successfully reloaded assembly
- Completed reload, in  0.803 seconds
Platform modules already initialized, skipping
Refreshing native plugins compatible for Editor in 0.43 ms, found 1 plugins.
Preloading 0 native plugins for Editor in 0.00 ms.
Unloading 1907 Unused Serialized files (Serialized files now loaded: 0)
System memory in use before: 87.4 MB.
System memory in use after: 87.5 MB.

Unloading 20 unused Assets to reduce memory usage. Loaded Objects now: 2415.
Total: 2.059600 ms (FindLiveObjects: 0.193200 ms CreateObjectMapping: 0.084800 ms MarkObjects: 1.762100 ms  DeleteObjects: 0.018500 ms)

========================================================================
Received Import Request.
  Time since last request: 12.342267 seconds.
  path: Assets/Scripts/Enemies/RunningEnemy.cs
  artifactKey: Guid(06f5bd4d0bf1ce545817d7e3d8f5fb5a) Importer(815301076,1909f56bfc062723c751e8b465ee728b)
Start importing Assets/Scripts/Enemies/RunningEnemy.cs using Guid(06f5bd4d0bf1ce545817d7e3d8f5fb5a) Importer(815301076,1909f56bfc062723c751e8b465ee728b)  -> (artifact id: 'ccb563fc84c281bd20c4a9f40c32619d') in 0.004375 seconds
  Import took 0.007111 seconds .

========================================================================
Received Prepare
Registering precompiled user dll's ...
Registered in 0.000949 seconds.
Begin MonoManager ReloadAssembly
Native extension for WindowsStandalone target not found
Refreshing native plugins compatible for Editor in 0.42 ms, found 1 plugins.
Preloading 0 native plugins for Editor in 0.00 ms.
Invoked RoslynAnalysisRunner static constructor.
RoslynAnalysisRunner will not be running.
RoslynAnalysisRunner has terminated.
Mono: successfully reloaded assembly
- Completed reload, in  0.817 seconds
Platform modules already initialized, skipping
Refreshing native plugins compatible for Editor in 0.43 ms, found 1 plugins.
Preloading 0 native plugins for Editor in 0.00 ms.
Unloading 1908 Unused Serialized files (Serialized files now loaded: 0)
System memory in use before: 87.4 MB.
System memory in use after: 87.6 MB.

Unloading 20 unused Assets to reduce memory usage. Loaded Objects now: 2420.
Total: 2.426300 ms (FindLiveObjects: 0.381900 ms CreateObjectMapping: 0.074100 ms MarkObjects: 1.951200 ms  DeleteObjects: 0.018300 ms)

========================================================================
Received Import Request.
  Time since last request: 11.694982 seconds.
  path: Assets/Scripts/Enemies/ThrowingEnemy.cs
  artifactKey: Guid(04b74df863c230c42a9be26b7db54431) Importer(815301076,1909f56bfc062723c751e8b465ee728b)
Start importing Assets/Scripts/Enemies/ThrowingEnemy.cs using Guid(04b74df863c230c42a9be26b7db54431) Importer(815301076,1909f56bfc062723c751e8b465ee728b)  -> (artifact id: 'a5489fe299cab6fb9acb9d99150e5a0f') in 0.004862 seconds
  Import took 0.007733 seconds .

========================================================================
Received Prepare
Registering precompiled user dll's ...
Registered in 0.000919 seconds.
Begin MonoManager ReloadAssembly
Native extension for WindowsStandalone target not found
Refreshing native plugins compatible for Editor in 0.63 ms, found 1 plugins.
Preloading 0 native plugins for Editor in 0.00 ms.
Invoked RoslynAnalysisRunner static constructor.
RoslynAnalysisRunner will not be running.
RoslynAnalysisRunner has terminated.
Mono: successfully reloaded assembly
- Completed reload, in  0.827 seconds
Platform modules already initialized, skipping
Refreshing native plugins compatible for Editor in 0.43 ms, found 1 plugins.
Preloading 0 native plugins for Editor in 0.00 ms.
Unloading 1909 Unused Serialized files (Serialized files now loaded: 0)
System memory in use before: 87.5 MB.
System memory in use after: 87.6 MB.

Unloading 20 unused Assets to reduce memory usage. Loaded Objects now: 2425.
Total: 1.963600 ms (FindLiveObjects: 0.182500 ms CreateObjectMapping: 0.073200 ms MarkObjects: 1.688500 ms  DeleteObjects: 0.018600 ms)

========================================================================
Received Import Request.
  Time since last request: 10.103533 seconds.
  path: Assets/Scripts/Enemies/JellyBoss.cs
  artifactKey: Guid(9409d6bd5c6126c4b958050c88ffcaf2) Importer(815301076,1909f56bfc062723c751e8b465ee728b)
Start importing Assets/Scripts/Enemies/JellyBoss.cs using Guid(9409d6bd5c6126c4b958050c88ffcaf2) Importer(815301076,1909f56bfc062723c751e8b465ee728b)  -> (artifact id: 'd8ff2a3c59adc8b66551512be1983e1e') in 0.004586 seconds
  Import took 0.007457 seconds .

========================================================================
Received Prepare
Registering precompiled user dll's ...
Registered in 0.001306 seconds.
Begin MonoManager ReloadAssembly
Native extension for WindowsStandalone target not found
Refreshing native plugins compatible for Editor in 0.42 ms, found 1 plugins.
Preloading 0 native plugins for Editor in 0.00 ms.
Invoked RoslynAnalysisRunner static constructor.
RoslynAnalysisRunner will not be running.
RoslynAnalysisRunner has terminated.
Mono: successfully reloaded assembly
- Completed reload, in  0.804 seconds
Platform modules already initialized, skipping
Refreshing native plugins compatible for Editor in 0.42 ms, found 1 plugins.
Preloading 0 native plugins for Editor in 0.00 ms.
Unloading 1910 Unused Serialized files (Serialized files now loaded: 0)
System memory in use before: 87.5 MB.
System memory in use after: 87.6 MB.

Unloading 20 unused Assets to reduce memory usage. Loaded Objects now: 2430.
Total: 2.328500 ms (FindLiveObjects: 0.330700 ms CreateObjectMapping: 0.124400 ms MarkObjects: 1.854700 ms  DeleteObjects: 0.017400 ms)

========================================================================
Received Prepare
Registering precompiled user dll's ...
Registered in 0.000947 seconds.
Begin MonoManager ReloadAssembly
Native extension for WindowsStandalone target not found
Refreshing native plugins compatible for Editor in 0.44 ms, found 1 plugins.
Preloading 0 native plugins for Editor in 0.00 ms.
Invoked RoslynAnalysisRunner static constructor.
RoslynAnalysisRunner will not be running.
RoslynAnalysisRunner has terminated.
Mono: successfully reloaded assembly
- Completed reload, in  0.814 seconds
Platform modules already initialized, skipping
Refreshing native plugins compatible for Editor in 0.42 ms, found 1 plugins.
Preloading 0 native plugins for Editor in 0.00 ms.
Unloading 1910 Unused Serialized files (Serialized files now loaded: 0)
System memory in use before: 87.5 MB.
System memory in use after: 87.6 MB.

Unloading 20 unused Assets to reduce memory usage. Loaded Objects now: 2434.
Total: 2.075000 ms (FindLiveObjects: 0.204900 ms CreateObjectMapping: 0.083100 ms MarkObjects: 1.760800 ms  DeleteObjects: 0.025000 ms)

========================================================================
Received Prepare
Registering precompiled user dll's ...
Registered in 0.001200 seconds.
Begin MonoManager ReloadAssembly
Native extension for WindowsStandalone target not found
Refreshing native plugins compatible for Editor in 0.45 ms, found 1 plugins.
Preloading 0 native plugins for Editor in 0.00 ms.
Invoked RoslynAnalysisRunner static constructor.
RoslynAnalysisRunner will not be running.
RoslynAnalysisRunner has terminated.
Mono: successfully reloaded assembly
- Completed reload, in  0.842 seconds
Platform modules already initialized, skipping
Refreshing native plugins compatible for Editor in 0.44 ms, found 1 plugins.
Preloading 0 native plugins for Editor in 0.00 ms.
Unloading 1912 Unused Serialized files (Serialized files now loaded: 0)
System memory in use before: 87.6 MB.
System memory in use after: 87.7 MB.

Unloading 20 unused Assets to reduce memory usage. Loaded Objects now: 2440.
Total: 2.095300 ms (FindLiveObjects: 0.187200 ms CreateObjectMapping: 0.074500 ms MarkObjects: 1.812700 ms  DeleteObjects: 0.020100 ms)

========================================================================
Received Import Request.
  Time since last request: 30188.401910 seconds.
  path: Assets/Scripts/Enemies/ThrowingEnemy.cs
  artifactKey: Guid(04b74df863c230c42a9be26b7db54431) Importer(815301076,1909f56bfc062723c751e8b465ee728b)
Start importing Assets/Scripts/Enemies/ThrowingEnemy.cs using Guid(04b74df863c230c42a9be26b7db54431) Importer(815301076,1909f56bfc062723c751e8b465ee728b)  -> (artifact id: 'a4e6c57fcf45ebaea9a79eaca3792a28') in 0.003903 seconds
  Import took 0.006559 seconds .

========================================================================
Received Import Request.
  Time since last request: 28.699612 seconds.
  path: Assets/Scripts/World/MovingObstacle.cs
  artifactKey: Guid(047a4980734f8244899e7ff0d346dacb) Importer(815301076,1909f56bfc062723c751e8b465ee728b)
Start importing Assets/Scripts/World/MovingObstacle.cs using Guid(047a4980734f8244899e7ff0d346dacb) Importer(815301076,1909f56bfc062723c751e8b465ee728b)  -> (artifact id: 'c34c7df617588a5d97f8d23535f13fbe') in 0.002614 seconds
  Import took 0.005657 seconds .

========================================================================
Received Prepare
Registering precompiled user dll's ...
Registered in 0.000975 seconds.
Begin MonoManager ReloadAssembly
Native extension for WindowsStandalone target not found
Refreshing native plugins compatible for Editor in 0.43 ms, found 1 plugins.
Preloading 0 native plugins for Editor in 0.00 ms.
Invoked RoslynAnalysisRunner static constructor.
RoslynAnalysisRunner will not be running.
RoslynAnalysisRunner has terminated.
Mono: successfully reloaded assembly
- Completed reload, in  0.847 seconds
Platform modules already initialized, skipping
Refreshing native plugins compatible for Editor in 0.43 ms, found 1 plugins.
Preloading 0 native plugins for Editor in 0.00 ms.
Unloading 1913 Unused Serialized files (Serialized files now loaded: 0)
System memory in use before: 87.6 MB.
System memory in use after: 87.7 MB.

Unloading 20 unused Assets to reduce memory usage. Loaded Objects now: 2445.
Total: 2.242400 ms (FindLiveObjects: 0.188000 ms CreateObjectMapping: 0.072400 ms MarkObjects: 1.965000 ms  DeleteObjects: 0.016200 ms)

========================================================================
Received Prepare
Registering precompiled user dll's ...
Registered in 0.000970 seconds.
Begin MonoManager ReloadAssembly
Native extension for WindowsStandalone target not found
Refreshing native plugins compatible for Editor in 0.44 ms, found 1 plugins.
Preloading 0 native plugins for Editor in 0.00 ms.
Invoked RoslynAnalysisRunner static constructor.
RoslynAnalysisRunner will not be running.
RoslynAnalysisRunner has terminated.
Mono: successfully reloaded assembly
- Completed reload, in  0.828 seconds
Platform modules already initialized, skipping
Refreshing native plugins compatible for Editor in 0.42 ms, found 1 plugins.
Preloading 0 native plugins for Editor in 0.00 ms.
Unloading 1913 Unused Serialized files (Serialized files now loaded: 0)
System memory in use before: 87.6 MB.
System memory in use after: 87.7 MB.

Unloading 20 unused Assets to reduce memory usage. Loaded Objects now: 2449.
Total: 2.478000 ms (FindLiveObjects: 0.499700 ms CreateObjectMapping: 0.084900 ms MarkObjects: 1.872700 ms  DeleteObjects: 0.018900 ms)

========================================================================
Received Import Request.
  Time since last request: 4412.260933 seconds.
  path: Assets/Scripts/World/MovingObstacle.cs
  artifactKey: Guid(047a4980734f8244899e7ff0d346dacb) Importer(815301076,1909f56bfc062723c751e8b465ee728b)
Start importing Assets/Scripts/World/MovingObstacle.cs using Guid(047a4980734f8244899e7ff0d346dacb) Importer(815301076,1909f56bfc062723c751e8b465ee728b)  -> (artifact id: 'a68634e4ac3998edb2102e3a4d60e9de') in 0.003753 seconds
  Import took 0.006456 seconds .

AssetImportWorkerClient::OnTransportError - code=2 error=End of file
